<?xml version="1.0" encoding="UTF-8"?>
<testng-results skipped="0" failed="0" ignored="0" total="1" passed="1">
  <reporter-output>
  </reporter-output>
  <suite name="Default suite" duration-ms="7957" started-at="2018-12-28T20:10:46Z" finished-at="2018-12-28T20:10:54Z">
    <groups>
    </groups>
    <test name="Default test" duration-ms="7957" started-at="2018-12-28T20:10:46Z" finished-at="2018-12-28T20:10:54Z">
      <class name="com.google.qa.com.google.VerifyLoginPage">
        <test-method status="PASS" signature="verifyLogin()[pri:0, instance:com.google.qa.com.google.VerifyLoginPage@46d56d67]" name="verifyLogin" duration-ms="7915" started-at="2018-12-28T20:10:46Z" finished-at="2018-12-28T20:10:54Z">
          <reporter-output>
          </reporter-output>
        </test-method> <!-- verifyLogin -->
      </class> <!-- com.google.qa.com.google.VerifyLoginPage -->
    </test> <!-- Default test -->
  </suite> <!-- Default suite -->
</testng-results>
